d:\учеба\с++ ооп\mmorpg_classes\mmorpg_classes\x64\debug\vc143.pdb
d:\учеба\с++ ооп\mmorpg_classes\mmorpg_classes\x64\debug\vc143.idb
d:\учеба\с++ ооп\mmorpg_classes\mmorpg_classes\x64\debug\warrior.obj
d:\учеба\с++ ооп\mmorpg_classes\mmorpg_classes\x64\debug\mage.obj
d:\учеба\с++ ооп\mmorpg_classes\mmorpg_classes\x64\debug\hero.obj
d:\учеба\с++ ооп\mmorpg_classes\mmorpg_classes\x64\debug\mmorpg_classes.obj
d:\учеба\с++ ооп\mmorpg_classes\mmorpg_classes\x64\debug\templar.obj
d:\учеба\с++ ооп\mmorpg_classes\mmorpg_classes\x64\debug\spiritmaster.obj
d:\учеба\с++ ооп\mmorpg_classes\mmorpg_classes\x64\debug\sorcerer.obj
d:\учеба\с++ ооп\mmorpg_classes\mmorpg_classes\x64\debug\scout.obj
d:\учеба\с++ ооп\mmorpg_classes\mmorpg_classes\x64\debug\ranger.obj
d:\учеба\с++ ооп\mmorpg_classes\mmorpg_classes\x64\debug\priest.obj
d:\учеба\с++ ооп\mmorpg_classes\mmorpg_classes\x64\debug\gladiator.obj
d:\учеба\с++ ооп\mmorpg_classes\mmorpg_classes\x64\debug\cleric.obj
d:\учеба\с++ ооп\mmorpg_classes\mmorpg_classes\x64\debug\chanter.obj
d:\учеба\с++ ооп\mmorpg_classes\mmorpg_classes\x64\debug\assassin.obj
d:\учеба\с++ ооп\mmorpg_classes\x64\debug\mmorpg_classes.exe
d:\учеба\с++ ооп\mmorpg_classes\mmorpg_classes\x64\debug\mmorpg_classes.ilk
d:\учеба\с++ ооп\mmorpg_classes\x64\debug\mmorpg_classes.pdb
d:\учеба\с++ ооп\mmorpg_classes\mmorpg_classes\x64\debug\mmorpg_classes.tlog\cl.command.1.tlog
d:\учеба\с++ ооп\mmorpg_classes\mmorpg_classes\x64\debug\mmorpg_classes.tlog\cl.read.1.tlog
d:\учеба\с++ ооп\mmorpg_classes\mmorpg_classes\x64\debug\mmorpg_classes.tlog\cl.write.1.tlog
d:\учеба\с++ ооп\mmorpg_classes\mmorpg_classes\x64\debug\mmorpg_classes.tlog\link.command.1.tlog
d:\учеба\с++ ооп\mmorpg_classes\mmorpg_classes\x64\debug\mmorpg_classes.tlog\link.read.1.tlog
d:\учеба\с++ ооп\mmorpg_classes\mmorpg_classes\x64\debug\mmorpg_classes.tlog\link.write.1.tlog
